已經開始建置於 2014/3/17 下午 06:21:26。
     1>節點 2 (build 目標) 上的專案 "C:\Users\kewei\Dropbox\----light field ----\my_code\lightfield\lightfield\lightfield.vcxproj"。
     1>InitializeBuildStatus:
         正在變更時間戳記 "x64\Debug\lightfield.unsuccessfulbuild"。
       ClCompile:
         C:\Program Files (x86)\Microsoft Visual Studio 10.0\VC\bin\x86_amd64\CL.exe /c /Zi /nologo /W3 /WX- /Od /D _MBCS /Gm /EHsc /RTC1 /MDd /GS /fp:precise /Zc:wchar_t /Zc:forScope /openmp /Fo"x64\Debug\\" /Fd"x64\Debug\vc100.pdb" /Gd /TP /errorReport:prompt DepthEstimator.cpp main.cpp
         main.cpp
     1>c:\users\kewei\dropbox\----light field ----\my_code\lightfield\lightfield\mask.hpp(33): warning C4244: '引數' : 將 'float' 轉換為 'int'，由於型別不同，可能導致資料遺失
     1>c:\users\kewei\dropbox\----light field ----\my_code\lightfield\lightfield\mask.hpp(33): warning C4244: '引數' : 將 'float' 轉換為 'int'，由於型別不同，可能導致資料遺失
     1>c:\users\kewei\dropbox\----light field ----\my_code\lightfield\lightfield\mask.hpp(34): warning C4244: '引數' : 將 'float' 轉換為 'int'，由於型別不同，可能導致資料遺失
     1>c:\users\kewei\dropbox\----light field ----\my_code\lightfield\lightfield\mask.hpp(34): warning C4244: '引數' : 將 'float' 轉換為 'int'，由於型別不同，可能導致資料遺失
     1>c:\users\kewei\dropbox\----light field ----\my_code\lightfield\lightfield\mask.hpp(34): warning C4244: '引數' : 將 'float' 轉換為 'int'，由於型別不同，可能導致資料遺失
     1>c:\users\kewei\dropbox\----light field ----\my_code\lightfield\lightfield\mask.hpp(34): warning C4244: '引數' : 將 'float' 轉換為 'int'，由於型別不同，可能導致資料遺失
     1>c:\users\kewei\dropbox\----light field ----\my_code\lightfield\lightfield\mask.hpp(36): warning C4244: '引數' : 將 'float' 轉換為 'int'，由於型別不同，可能導致資料遺失
     1>c:\users\kewei\dropbox\----light field ----\my_code\lightfield\lightfield\mask.hpp(36): warning C4244: '引數' : 將 'float' 轉換為 'int'，由於型別不同，可能導致資料遺失
     1>c:\users\kewei\dropbox\----light field ----\my_code\lightfield\lightfield\mask.hpp(36): warning C4244: '引數' : 將 'float' 轉換為 'int'，由於型別不同，可能導致資料遺失
     1>c:\users\kewei\dropbox\----light field ----\my_code\lightfield\lightfield\mask.hpp(36): warning C4244: '引數' : 將 'float' 轉換為 'int'，由於型別不同，可能導致資料遺失
     1>c:\users\kewei\dropbox\----light field ----\my_code\lightfield\lightfield\mask.hpp(38): warning C4244: '引數' : 將 'float' 轉換為 'int'，由於型別不同，可能導致資料遺失
     1>c:\users\kewei\dropbox\----light field ----\my_code\lightfield\lightfield\mask.hpp(38): warning C4244: '引數' : 將 'float' 轉換為 'int'，由於型別不同，可能導致資料遺失
     1>c:\users\kewei\dropbox\----light field ----\my_code\lightfield\lightfield\mask.hpp(38): warning C4244: '引數' : 將 'float' 轉換為 'int'，由於型別不同，可能導致資料遺失
     1>c:\users\kewei\dropbox\----light field ----\my_code\lightfield\lightfield\mask.hpp(38): warning C4244: '引數' : 將 'float' 轉換為 'int'，由於型別不同，可能導致資料遺失
     1>c:\users\kewei\dropbox\----light field ----\my_code\lightfield\lightfield\mask.hpp(40): warning C4244: '引數' : 將 'float' 轉換為 'int'，由於型別不同，可能導致資料遺失
     1>c:\users\kewei\dropbox\----light field ----\my_code\lightfield\lightfield\mask.hpp(40): warning C4244: '引數' : 將 'float' 轉換為 'int'，由於型別不同，可能導致資料遺失
     1>c:\users\kewei\dropbox\----light field ----\my_code\lightfield\lightfield\mask.hpp(40): warning C4244: '引數' : 將 'float' 轉換為 'int'，由於型別不同，可能導致資料遺失
     1>c:\users\kewei\dropbox\----light field ----\my_code\lightfield\lightfield\mask.hpp(40): warning C4244: '引數' : 將 'float' 轉換為 'int'，由於型別不同，可能導致資料遺失
     1>c:\users\kewei\dropbox\----light field ----\my_code\lightfield\lightfield\mask_generator.h(83): warning C4244: '引數' : 將 'int' 轉換為 'float'，由於型別不同，可能導致資料遺失
     1>c:\users\kewei\dropbox\----light field ----\my_code\lightfield\lightfield\mask_generator.h(83): warning C4244: '引數' : 將 'int' 轉換為 'float'，由於型別不同，可能導致資料遺失
     1>c:\users\kewei\dropbox\----light field ----\my_code\lightfield\lightfield\mask_generator.h(84): warning C4244: '引數' : 將 'int' 轉換為 'float'，由於型別不同，可能導致資料遺失
     1>c:\users\kewei\dropbox\----light field ----\my_code\lightfield\lightfield\mask_generator.h(84): warning C4244: '引數' : 將 'int' 轉換為 'float'，由於型別不同，可能導致資料遺失
     1>c:\users\kewei\dropbox\----light field ----\my_code\lightfield\lightfield\mask_generator.h(85): warning C4244: '引數' : 將 'int' 轉換為 'float'，由於型別不同，可能導致資料遺失
     1>c:\users\kewei\dropbox\----light field ----\my_code\lightfield\lightfield\mask_generator.h(85): warning C4244: '引數' : 將 'int' 轉換為 'float'，由於型別不同，可能導致資料遺失
     1>c:\users\kewei\dropbox\----light field ----\my_code\lightfield\lightfield\mask_generator.h(86): warning C4244: '引數' : 將 'int' 轉換為 'float'，由於型別不同，可能導致資料遺失
     1>c:\users\kewei\dropbox\----light field ----\my_code\lightfield\lightfield\mask_generator.h(86): warning C4244: '引數' : 將 'int' 轉換為 'float'，由於型別不同，可能導致資料遺失
     1>c:\users\kewei\dropbox\----light field ----\my_code\lightfield\lightfield\LightField.h(62): warning C4244: '=' : 將 'double' 轉換為 'uchar'，由於型別不同，可能導致資料遺失
     1>c:\users\kewei\dropbox\----light field ----\my_code\lightfield\lightfield\4DPatchMatch.h(15): warning C4244: '引數' : 將 'time_t' 轉換為 'unsigned int'，由於型別不同，可能導致資料遺失
     1>c:\users\kewei\dropbox\----light field ----\my_code\lightfield\lightfield\4DPatchMatch.h(55): warning C4996: 'sprintf': This function or variable may be unsafe. Consider using sprintf_s instead. To disable deprecation, use _CRT_SECURE_NO_WARNINGS. See online help for details.
                 C:\Program Files (x86)\Microsoft Visual Studio 10.0\VC\include\stdio.h(371) : 請參閱 'sprintf' 的宣告
     1>c:\users\kewei\dropbox\----light field ----\my_code\lightfield\lightfield\4DPatchMatch.h(22): warning C4101: 'start_time' : 未參考的區域變數
     1>c:\users\kewei\dropbox\----light field ----\my_code\lightfield\lightfield\4DPatchMatch.h(22): warning C4101: 'end_time' : 未參考的區域變數
     1>main.cpp(33): warning C4996: 'sprintf': This function or variable may be unsafe. Consider using sprintf_s instead. To disable deprecation, use _CRT_SECURE_NO_WARNINGS. See online help for details.
                 C:\Program Files (x86)\Microsoft Visual Studio 10.0\VC\include\stdio.h(371) : 請參閱 'sprintf' 的宣告
     1>main.cpp(90): warning C4996: 'sprintf': This function or variable may be unsafe. Consider using sprintf_s instead. To disable deprecation, use _CRT_SECURE_NO_WARNINGS. See online help for details.
                 C:\Program Files (x86)\Microsoft Visual Studio 10.0\VC\include\stdio.h(371) : 請參閱 'sprintf' 的宣告
     1>main.cpp(111): warning C4996: 'sprintf': This function or variable may be unsafe. Consider using sprintf_s instead. To disable deprecation, use _CRT_SECURE_NO_WARNINGS. See online help for details.
                 C:\Program Files (x86)\Microsoft Visual Studio 10.0\VC\include\stdio.h(371) : 請參閱 'sprintf' 的宣告
     1>main.cpp(144): warning C4244: '引數' : 將 'int' 轉換為 'float'，由於型別不同，可能導致資料遺失
     1>main.cpp(144): warning C4244: '引數' : 將 'int' 轉換為 'float'，由於型別不同，可能導致資料遺失
     1>main.cpp(149): warning C4244: '引數' : 將 'int' 轉換為 'float'，由於型別不同，可能導致資料遺失
     1>main.cpp(149): warning C4244: '引數' : 將 'int' 轉換為 'float'，由於型別不同，可能導致資料遺失
     1>main.cpp(150): warning C4244: '引數' : 將 'int' 轉換為 'float'，由於型別不同，可能導致資料遺失
     1>main.cpp(150): warning C4244: '引數' : 將 'int' 轉換為 'float'，由於型別不同，可能導致資料遺失
     1>main.cpp(169): warning C4244: '=' : 將 'float' 轉換為 'int'，由於型別不同，可能導致資料遺失
     1>main.cpp(171): warning C4244: '=' : 將 'float' 轉換為 'int'，由於型別不同，可能導致資料遺失
     1>main.cpp(173): warning C4244: '=' : 將 'float' 轉換為 'int'，由於型別不同，可能導致資料遺失
     1>main.cpp(175): warning C4244: '=' : 將 'float' 轉換為 'int'，由於型別不同，可能導致資料遺失
         Generating Code...
     1>c:\users\kewei\dropbox\----light field ----\my_code\lightfield\lightfield\depthestimator.h(32): warning C4700: 使用了未初始化的區域變數 'conx'
     1>c:\users\kewei\dropbox\----light field ----\my_code\lightfield\lightfield\depthestimator.h(32): warning C4700: 使用了未初始化的區域變數 'cony'
         Compiling...
         DepthEstimator.cpp
     1>c:\users\kewei\dropbox\----light field ----\my_code\lightfield\lightfield\LightField.h(62): warning C4244: '=' : 將 'double' 轉換為 'uchar'，由於型別不同，可能導致資料遺失
     1>c:\users\kewei\dropbox\----light field ----\my_code\lightfield\lightfield\4DPatchMatch.h(15): warning C4244: '引數' : 將 'time_t' 轉換為 'unsigned int'，由於型別不同，可能導致資料遺失
     1>c:\users\kewei\dropbox\----light field ----\my_code\lightfield\lightfield\4DPatchMatch.h(22): warning C4101: 'start_time' : 未參考的區域變數
     1>c:\users\kewei\dropbox\----light field ----\my_code\lightfield\lightfield\4DPatchMatch.h(22): warning C4101: 'end_time' : 未參考的區域變數
     1>DepthEstimator.cpp(21): warning C4244: '+=' : 將 'double' 轉換為 'float'，由於型別不同，可能導致資料遺失
     1>DepthEstimator.cpp(27): warning C4305: '正在初始化' : 從 'double' 轉換為 'float'，是由較大的型別轉換為較小的型別，可能導致資料遺失
     1>DepthEstimator.cpp(48): warning C4244: '正在初始化' : 將 'double' 轉換為 'float'，由於型別不同，可能導致資料遺失
     1>DepthEstimator.cpp(64): warning C4244: '正在初始化' : 將 'int' 轉換為 'float'，由於型別不同，可能導致資料遺失
     1>DepthEstimator.cpp(68): warning C4244: '引數' : 將 'float' 轉換為 'int'，由於型別不同，可能導致資料遺失
     1>DepthEstimator.cpp(69): warning C4244: '引數' : 將 'float' 轉換為 'int'，由於型別不同，可能導致資料遺失
     1>DepthEstimator.cpp(71): warning C4244: '引數' : 將 'float' 轉換為 'int'，由於型別不同，可能導致資料遺失
     1>DepthEstimator.cpp(72): warning C4244: '引數' : 將 'float' 轉換為 'int'，由於型別不同，可能導致資料遺失
     1>DepthEstimator.cpp(95): warning C4244: '=' : 將 'int' 轉換為 'float'，由於型別不同，可能導致資料遺失
     1>DepthEstimator.cpp(98): warning C4244: '引數' : 將 'float' 轉換為 'int'，由於型別不同，可能導致資料遺失
     1>DepthEstimator.cpp(100): warning C4244: '引數' : 將 'float' 轉換為 'int'，由於型別不同，可能導致資料遺失
         Generating Code...
       Link:
         C:\Program Files (x86)\Microsoft Visual Studio 10.0\VC\bin\x86_amd64\link.exe /ERRORREPORT:PROMPT /OUT:"C:\Users\kewei\Dropbox\----light field ----\my_code\lightfield\x64\Debug\lightfield.exe" /NOLOGO opencv_core248d.lib opencv_calib3d248d.lib opencv_contrib248d.lib opencv_features2d248d.lib opencv_highgui248d.lib opencv_imgproc248d.lib opencv_flann248d.lib opencv_nonfree248d.lib kernel32.lib user32.lib gdi32.lib winspool.lib comdlg32.lib advapi32.lib shell32.lib ole32.lib oleaut32.lib uuid.lib odbc32.lib odbccp32.lib /MANIFEST /ManifestFile:"x64\Debug\lightfield.exe.intermediate.manifest" /MANIFESTUAC:"level='asInvoker' uiAccess='false'" /DEBUG /PDB:"C:\Users\kewei\Dropbox\----light field ----\my_code\lightfield\x64\Debug\lightfield.pdb" /TLBID:1 /DYNAMICBASE /NXCOMPAT /IMPLIB:"C:\Users\kewei\Dropbox\----light field ----\my_code\lightfield\x64\Debug\lightfield.lib" /MACHINE:X64 x64\Debug\4DPatchMatch.obj
         x64\Debug\4DPoint.obj
         x64\Debug\DepthEstimator.obj
         x64\Debug\LightFieldPyramid.obj
         x64\Debug\main.obj
         LINK : 最後的累加連結找不到或未建置 C:\Users\kewei\Dropbox\----light field ----\my_code\lightfield\x64\Debug\lightfield.exe，正在執行完整連結
         lightfield.vcxproj -> C:\Users\kewei\Dropbox\----light field ----\my_code\lightfield\x64\Debug\lightfield.exe
       Manifest:
         C:\Program Files (x86)\Microsoft SDKs\Windows\v7.0A\bin\mt.exe /nologo /verbose /outputresource:"C:\Users\kewei\Dropbox\----light field ----\my_code\lightfield\x64\Debug\lightfield.exe;#1" /manifest x64\Debug\lightfield.exe.intermediate.manifest
       FinalizeBuildStatus:
         正在刪除檔案 "x64\Debug\lightfield.unsuccessfulbuild"。
         正在變更時間戳記 "x64\Debug\lightfield.lastbuildstate"。
     1>專案 "C:\Users\kewei\Dropbox\----light field ----\my_code\lightfield\lightfield\lightfield.vcxproj" (build 目標) 建置完成。

建置成功。

經過時間 00:00:11.55
